<?xml version="1.0" encoding="UTF-8"?>
<testng-results ignored="0" total="1" passed="1" failed="0" skipped="0">
  <reporter-output>
  </reporter-output>
  <suite started-at="2024-07-12T16:04:13 EDT" name="Default suite" finished-at="2024-07-12T16:04:19 EDT" duration-ms="6489">
    <groups>
    </groups>
    <test started-at="2024-07-12T16:04:13 EDT" name="Default test" finished-at="2024-07-12T16:04:19 EDT" duration-ms="6489">
      <class name="tests.LoginFunctionality">
        <test-method is-config="true" signature="setUpMethod()[pri:0, instance:tests.LoginFunctionality@4afcd809]" started-at="2024-07-12T16:04:13 EDT" name="setUpMethod" finished-at="2024-07-12T16:04:18 EDT" duration-ms="4915" status="PASS">
          <reporter-output>
          </reporter-output>
        </test-method> <!-- setUpMethod -->
        <test-method signature="VerifyLoggingIntoTheApplicationUsingValidCredentials()[pri:0, instance:tests.LoginFunctionality@4afcd809]" started-at="2024-07-12T16:04:18 EDT" name="VerifyLoggingIntoTheApplicationUsingValidCredentials" finished-at="2024-07-12T16:04:19 EDT" duration-ms="1237" status="PASS">
          <reporter-output>
          </reporter-output>
        </test-method> <!-- VerifyLoggingIntoTheApplicationUsingValidCredentials -->
        <test-method is-config="true" signature="tearDown()[pri:0, instance:tests.LoginFunctionality@4afcd809]" started-at="2024-07-12T16:04:19 EDT" name="tearDown" finished-at="2024-07-12T16:04:19 EDT" duration-ms="279" status="PASS">
          <reporter-output>
          </reporter-output>
        </test-method> <!-- tearDown -->
      </class> <!-- tests.LoginFunctionality -->
    </test> <!-- Default test -->
  </suite> <!-- Default suite -->
</testng-results>
